<?xml version="1.0" encoding="UTF-8"?>
<!-- Generated by org.testng.reporters.JUnitReportReporter -->
<testsuite hostname="DESKTOP-M47CIAF" failures="0" tests="2" name="Annotation_Test.BeforeTestDemo" time="0.005" errors="0" timestamp="2024-08-06T15:10:18 IST" skipped="0">
  <testcase classname="Annotation_Test.BeforeTestDemo" name="testMethodOne" time="0.000"/>
  <system-out/>
  <testcase classname="Annotation_Test.BeforeTestDemo" name="testMethodOne" time="0.005"/>
  <system-out/>
</testsuite> <!-- Annotation_Test.BeforeTestDemo -->
