<?xml version="1.0" encoding="UTF-8"?>
<!-- Generated by org.testng.reporters.JUnitReportReporter -->
<testsuite hostname="DESKTOP-M47CIAF" failures="0" tests="3" name="Grouping.Login" time="0.009" errors="0" timestamp="2024-08-13T21:05:08 IST" skipped="0">
  <testcase classname="Grouping.Login" name="test_LoginViaEmail" time="0.007"/>
  <system-out/>
  <testcase classname="Grouping.Login" name="test_LoginViaNumber" time="0.001"/>
  <system-out/>
  <testcase classname="Grouping.Login" name="test_LoginViaFacebook" time="0.001"/>
  <system-out/>
</testsuite> <!-- Grouping.Login -->
