<?xml version="1.0" encoding="UTF-8"?>
<!-- Generated by org.testng.reporters.JUnitReportReporter -->
<testsuite hostname="DESKTOP-M47CIAF" failures="0" tests="1" name="OrderOfExecution.Execution" time="0.004" errors="0" timestamp="2024-08-06T16:06:13 IST" skipped="0">
  <testcase classname="OrderOfExecution.Execution" name="test" time="0.004"/>
  <system-out/>
</testsuite> <!-- OrderOfExecution.Execution -->
