<?xml version="1.0" encoding="UTF-8"?>
<!-- Generated by org.testng.reporters.JUnitReportReporter -->
<testsuite hostname="DESKTOP-M47CIAF" failures="0" tests="2" name="Annotation_Test.AfterTestDemo" time="0.002" errors="0" timestamp="2024-08-06T15:10:18 IST" skipped="0">
  <testcase classname="Annotation_Test.AfterTestDemo" name="testMethodtwo" time="0.001"/>
  <system-out/>
  <testcase classname="Annotation_Test.AfterTestDemo" name="testMethodtwo" time="0.001"/>
  <system-out/>
</testsuite> <!-- Annotation_Test.AfterTestDemo -->
