<?xml version="1.0" encoding="UTF-8"?>
<!-- Generated by org.testng.reporters.JUnitReportReporter -->
<testsuite hostname="DESKTOP-M47CIAF" failures="0" tests="1" name="Annotations.AfterTestDemo" time="0.001" errors="0" timestamp="2024-08-06T15:02:38 IST" skipped="0">
  <testcase classname="Annotations.AfterTestDemo" name="testMethodtwo" time="0.001"/>
  <system-out/>
</testsuite> <!-- Annotations.AfterTestDemo -->
