<?xml version="1.0" encoding="UTF-8"?>
<!-- Generated by org.testng.reporters.JUnitReportReporter -->
<testsuite hostname="DESKTOP-M47CIAF" failures="0" tests="2" name="Annotations.Before_After_Method" time="0.003" errors="0" timestamp="2024-08-06T15:09:26 IST" skipped="0">
  <testcase classname="Annotations.Before_After_Method" name="search" time="0.002"/>
  <system-out/>
  <testcase classname="Annotations.Before_After_Method" name="adv_search" time="0.001"/>
  <system-out/>
</testsuite> <!-- Annotations.Before_After_Method -->
