<?xml version="1.0" encoding="UTF-8"?>
<!-- Generated by org.testng.reporters.JUnitReportReporter -->
<testsuite hostname="DESKTOP-M47CIAF" failures="0" tests="2" name="Grouping.Signup" time="0.007" errors="0" timestamp="2024-08-13T18:56:46 IST" skipped="0">
  <testcase classname="Grouping.Signup" name="test_SignupViaNumber" time="0.007"/>
  <system-out/>
  <testcase classname="Grouping.Signup" name="test_SignupViaFacebook" time="0.000"/>
  <system-out/>
</testsuite> <!-- Grouping.Signup -->
