<?xml version="1.0" encoding="UTF-8"?>
<!-- Generated by org.testng.reporters.JUnitReportReporter -->
<testsuite hostname="DESKTOP-M47CIAF" failures="0" tests="2" name="Grouping.Payment" time="0.002" errors="0" timestamp="2024-08-13T21:05:08 IST" skipped="0">
  <testcase classname="Grouping.Payment" name="test_paymentByMastercard" time="0.001"/>
  <system-out/>
  <testcase classname="Grouping.Payment" name="test_paymentByVisa" time="0.001"/>
  <system-out/>
</testsuite> <!-- Grouping.Payment -->
