<?xml version="1.0" encoding="UTF-8"?>
<!-- Generated by org.testng.reporters.JUnitReportReporter -->
<testsuite hostname="DESKTOP-M47CIAF" failures="0" tests="1" name="Assertions.AssertMethods" time="0.007" errors="0" timestamp="2024-08-06T20:20:17 IST" skipped="0">
  <testcase classname="Assertions.AssertMethods" name="assertMethods" time="0.007"/>
  <system-out/>
</testsuite> <!-- Assertions.AssertMethods -->
