<?xml version="1.0" encoding="UTF-8"?>
<!-- Generated by org.testng.reporters.JUnitReportReporter -->
<testsuite hostname="DESKTOP-M47CIAF" failures="0" tests="2" name="Annotations.Before_After_Class" time="0.000" errors="0" timestamp="2024-08-06T15:09:26 IST" skipped="0">
  <testcase classname="Annotations.Before_After_Class" name="testMethodOne" time="0.000"/>
  <system-out/>
  <testcase classname="Annotations.Before_After_Class" name="testMethodTwo" time="0.000"/>
  <system-out/>
</testsuite> <!-- Annotations.Before_After_Class -->
