<?xml version="1.0" encoding="UTF-8"?>
<!-- Generated by org.testng.reporters.JUnitReportReporter -->
<testsuite hostname="DESKTOP-M47CIAF" failures="0" tests="2" name="Annotations.Before_After_Test" time="0.011" errors="0" timestamp="2024-08-06T15:06:00 IST" skipped="0">
  <testcase classname="Annotations.Before_After_Test" name="search" time="0.009"/>
  <system-out/>
  <testcase classname="Annotations.Before_After_Test" name="adv_search" time="0.002"/>
  <system-out/>
</testsuite> <!-- Annotations.Before_After_Test -->
